mode: atomic
github.com/golang-generic-code/example-1/utils.go:9.45,12.44 2 4
github.com/golang-generic-code/example-1/utils.go:16.2,16.26 1 4
github.com/golang-generic-code/example-1/utils.go:20.2,20.27 1 4
github.com/golang-generic-code/example-1/utils.go:12.44,14.3 1 0
github.com/golang-generic-code/example-1/utils.go:16.26,18.3 1 128
github.com/golang-generic-code/example-1/errors.go:18.35,20.2 1 3
github.com/golang-generic-code/example-1/errors.go:22.41,24.2 1 3
github.com/golang-generic-code/example-1/errors.go:26.39,28.2 1 0
github.com/golang-generic-code/example-1/errors.go:30.26,32.38 2 7
github.com/golang-generic-code/example-1/errors.go:36.2,36.12 1 4
github.com/golang-generic-code/example-1/errors.go:32.38,34.3 1 3
github.com/golang-generic-code/example-1/example.go:11.13,18.16 5 0
github.com/golang-generic-code/example-1/example.go:18.16,19.13 1 0
github.com/golang-generic-code/example-1/login.go:10.62,11.24 1 7
github.com/golang-generic-code/example-1/login.go:48.2,48.12 1 4
github.com/golang-generic-code/example-1/login.go:12.11,16.29 4 3
github.com/golang-generic-code/example-1/login.go:21.3,21.106 1 2
github.com/golang-generic-code/example-1/login.go:23.12,27.29 4 2
github.com/golang-generic-code/example-1/login.go:32.3,32.106 1 1
github.com/golang-generic-code/example-1/login.go:34.17,38.29 4 2
github.com/golang-generic-code/example-1/login.go:43.3,43.121 1 1
github.com/golang-generic-code/example-1/login.go:44.10,45.48 1 0
github.com/golang-generic-code/example-1/login.go:16.29,18.4 1 1
github.com/golang-generic-code/example-1/login.go:27.29,29.4 1 1
github.com/golang-generic-code/example-1/login.go:38.29,40.4 1 1
github.com/golang-generic-code/example-1/login.go:51.94,53.51 1 8
github.com/golang-generic-code/example-1/login.go:57.2,58.16 2 2
github.com/golang-generic-code/example-1/login.go:62.2,70.8 3 2
github.com/golang-generic-code/example-1/login.go:53.51,55.3 1 6
github.com/golang-generic-code/example-1/login.go:58.16,60.3 1 0
github.com/golang-generic-code/example-1/login.go:73.99,75.61 1 7
github.com/golang-generic-code/example-1/login.go:79.2,80.16 2 1
github.com/golang-generic-code/example-1/login.go:84.2,92.8 3 1
github.com/golang-generic-code/example-1/login.go:75.61,77.3 1 6
github.com/golang-generic-code/example-1/login.go:80.16,82.3 1 0
github.com/golang-generic-code/example-1/login.go:95.88,97.55 1 7
github.com/golang-generic-code/example-1/login.go:101.2,102.16 2 1
github.com/golang-generic-code/example-1/login.go:106.2,115.8 3 1
github.com/golang-generic-code/example-1/login.go:97.55,99.3 1 6
github.com/golang-generic-code/example-1/login.go:102.16,104.3 1 0
github.com/golang-generic-code/example-1/middleware.go:20.47,23.2 2 7
github.com/golang-generic-code/example-1/middleware.go:28.47,30.16 2 22
github.com/golang-generic-code/example-1/middleware.go:38.2,40.18 2 4
github.com/golang-generic-code/example-1/middleware.go:30.16,31.26 1 18
github.com/golang-generic-code/example-1/middleware.go:35.3,35.18 1 3
github.com/golang-generic-code/example-1/middleware.go:31.26,33.4 1 15
